[0.565s] Invoking command in '/home/shio2233/ros2_ws/src/mypkg': PYTHONPATH=/home/shio2233/ros2_ws/src/mypkg/build/mypkg/prefix_override:/home/shio2233/ros2_ws/src/mypkg/install/mypkg/lib/python3.8/site-packages:${PYTHONPATH} /usr/bin/python3 setup.py egg_info --egg-base build/mypkg build --build-base /home/shio2233/ros2_ws/src/mypkg/build/mypkg/build install --record /home/shio2233/ros2_ws/src/mypkg/build/mypkg/install.log --install-scripts $base/lib/mypkg --single-version-externally-managed
[0.686s] running egg_info
[0.686s] writing build/mypkg/mypkg.egg-info/PKG-INFO
[0.686s] writing dependency_links to build/mypkg/mypkg.egg-info/dependency_links.txt
[0.687s] writing entry points to build/mypkg/mypkg.egg-info/entry_points.txt
[0.687s] writing requirements to build/mypkg/mypkg.egg-info/requires.txt
[0.687s] writing top-level names to build/mypkg/mypkg.egg-info/top_level.txt
[0.708s] reading manifest file 'build/mypkg/mypkg.egg-info/SOURCES.txt'
[0.709s] writing manifest file 'build/mypkg/mypkg.egg-info/SOURCES.txt'
[0.709s] running build
[0.710s] running build_py
[0.710s] copying mypkg/talker.py -> /home/shio2233/ros2_ws/src/mypkg/build/mypkg/build/lib/mypkg
[0.710s] copying mypkg/listener.py -> /home/shio2233/ros2_ws/src/mypkg/build/mypkg/build/lib/mypkg
[0.710s] running install
[0.710s] running install_lib
[0.711s] copying /home/shio2233/ros2_ws/src/mypkg/build/mypkg/build/lib/mypkg/talker.py -> /home/shio2233/ros2_ws/src/mypkg/install/mypkg/lib/python3.8/site-packages/mypkg
[0.711s] copying /home/shio2233/ros2_ws/src/mypkg/build/mypkg/build/lib/mypkg/listener.py -> /home/shio2233/ros2_ws/src/mypkg/install/mypkg/lib/python3.8/site-packages/mypkg
[0.711s] byte-compiling /home/shio2233/ros2_ws/src/mypkg/install/mypkg/lib/python3.8/site-packages/mypkg/talker.py to talker.cpython-38.pyc
[0.712s] byte-compiling /home/shio2233/ros2_ws/src/mypkg/install/mypkg/lib/python3.8/site-packages/mypkg/listener.py to listener.cpython-38.pyc
[0.712s] running install_data
[0.713s] copying package.xml -> /home/shio2233/ros2_ws/src/mypkg/install/mypkg/share/mypkg
[0.713s] copying launch/talk_listen.launch.py -> /home/shio2233/ros2_ws/src/mypkg/install/mypkg/share/mypkg
[0.713s] running install_egg_info
[0.715s] removing '/home/shio2233/ros2_ws/src/mypkg/install/mypkg/lib/python3.8/site-packages/mypkg-0.0.0-py3.8.egg-info' (and everything under it)
[0.715s] Copying build/mypkg/mypkg.egg-info to /home/shio2233/ros2_ws/src/mypkg/install/mypkg/lib/python3.8/site-packages/mypkg-0.0.0-py3.8.egg-info
[0.716s] running install_scripts
[0.727s] Installing listener script to /home/shio2233/ros2_ws/src/mypkg/install/mypkg/lib/mypkg
[0.727s] Installing talker script to /home/shio2233/ros2_ws/src/mypkg/install/mypkg/lib/mypkg
[0.727s] writing list of installed files to '/home/shio2233/ros2_ws/src/mypkg/build/mypkg/install.log'
[0.740s] Invoked command in '/home/shio2233/ros2_ws/src/mypkg' returned '0': PYTHONPATH=/home/shio2233/ros2_ws/src/mypkg/build/mypkg/prefix_override:/home/shio2233/ros2_ws/src/mypkg/install/mypkg/lib/python3.8/site-packages:${PYTHONPATH} /usr/bin/python3 setup.py egg_info --egg-base build/mypkg build --build-base /home/shio2233/ros2_ws/src/mypkg/build/mypkg/build install --record /home/shio2233/ros2_ws/src/mypkg/build/mypkg/install.log --install-scripts $base/lib/mypkg --single-version-externally-managed
