[3.337s] DEBUG:colcon:Command line arguments: ['/usr/bin/colcon', 'build']
[3.337s] DEBUG:colcon:Parsed command line arguments: Namespace(allow_overriding=[], ament_cmake_args=None, base_paths=['.'], build_base='build', catkin_cmake_args=None, catkin_skip_building_tests=False, cmake_args=None, cmake_clean_cache=False, cmake_clean_first=False, cmake_force_configure=False, cmake_target=None, cmake_target_skip_unavailable=False, continue_on_error=False, event_handlers=None, executor='parallel', ignore_user_meta=False, install_base='install', log_base=None, log_level=None, main=<bound method BuildVerb.main of <colcon_core.verb.build.BuildVerb object at 0x7fa65f678c70>>, merge_install=False, metas=['./colcon.meta'], packages_above=None, packages_above_and_dependencies=None, packages_above_depth=None, packages_end=None, packages_ignore=None, packages_ignore_regex=None, packages_select=None, packages_select_build_failed=False, packages_select_by_dep=None, packages_select_regex=None, packages_select_test_failures=False, packages_skip=None, packages_skip_build_finished=False, packages_skip_by_dep=None, packages_skip_regex=None, packages_skip_test_passed=False, packages_skip_up_to=None, packages_start=None, packages_up_to=None, packages_up_to_regex=None, parallel_workers=16, paths=None, symlink_install=False, test_result_base=None, verb_extension=<colcon_core.verb.build.BuildVerb object at 0x7fa65f678c70>, verb_name='build', verb_parser=<colcon_defaults.argument_parser.defaults.DefaultArgumentsDecorator object at 0x7fa65f2c5160>)
[3.469s] Level 1:colcon.colcon_core.package_discovery:discover_packages(colcon_meta) check parameters
[3.469s] Level 1:colcon.colcon_core.package_discovery:discover_packages(recursive) check parameters
[3.469s] Level 1:colcon.colcon_core.package_discovery:discover_packages(ignore) check parameters
[3.469s] Level 1:colcon.colcon_core.package_discovery:discover_packages(path) check parameters
[3.470s] Level 1:colcon.colcon_core.package_discovery:discover_packages(colcon_meta) discover
[3.470s] Level 1:colcon.colcon_core.package_discovery:discover_packages(recursive) discover
[3.470s] INFO:colcon.colcon_core.package_discovery:Crawling recursively for packages in '/home/shio2233/ros2_ws/src/mypkg/mypkg'
[3.470s] Level 1:colcon.colcon_core.package_identification:_identify(.) by extensions ['ignore', 'ignore_ament_install']
[3.470s] Level 1:colcon.colcon_core.package_identification:_identify(.) by extension 'ignore'
[3.470s] Level 1:colcon.colcon_core.package_identification:_identify(.) by extension 'ignore_ament_install'
[3.470s] Level 1:colcon.colcon_core.package_identification:_identify(.) by extensions ['colcon_pkg']
[3.470s] Level 1:colcon.colcon_core.package_identification:_identify(.) by extension 'colcon_pkg'
[3.470s] Level 1:colcon.colcon_core.package_identification:_identify(.) by extensions ['colcon_meta']
[3.470s] Level 1:colcon.colcon_core.package_identification:_identify(.) by extension 'colcon_meta'
[3.470s] Level 1:colcon.colcon_core.package_identification:_identify(.) by extensions ['ros']
[3.471s] Level 1:colcon.colcon_core.package_identification:_identify(.) by extension 'ros'
[3.488s] Level 1:colcon.colcon_core.package_identification:_identify(.) by extensions ['cmake', 'python']
[3.488s] Level 1:colcon.colcon_core.package_identification:_identify(.) by extension 'cmake'
[3.488s] Level 1:colcon.colcon_core.package_identification:_identify(.) by extension 'python'
[3.488s] Level 1:colcon.colcon_core.package_identification:_identify(.) by extensions ['python_setup_py']
[3.488s] Level 1:colcon.colcon_core.package_identification:_identify(.) by extension 'python_setup_py'
[3.488s] Level 1:colcon.colcon_core.package_identification:_identify(build) by extensions ['ignore', 'ignore_ament_install']
[3.488s] Level 1:colcon.colcon_core.package_identification:_identify(build) by extension 'ignore'
[3.489s] Level 1:colcon.colcon_core.package_identification:_identify(build) ignored
[3.489s] Level 1:colcon.colcon_core.package_identification:_identify(install) by extensions ['ignore', 'ignore_ament_install']
[3.489s] Level 1:colcon.colcon_core.package_identification:_identify(install) by extension 'ignore'
[3.489s] Level 1:colcon.colcon_core.package_identification:_identify(install) ignored
[3.489s] Level 1:colcon.colcon_core.package_identification:_identify(log) by extensions ['ignore', 'ignore_ament_install']
[3.489s] Level 1:colcon.colcon_core.package_identification:_identify(log) by extension 'ignore'
[3.489s] Level 1:colcon.colcon_core.package_identification:_identify(log) ignored
[3.489s] Level 1:colcon.colcon_core.package_discovery:discover_packages(recursive) using defaults
[3.489s] Level 1:colcon.colcon_core.package_discovery:discover_packages(ignore) discover
[3.490s] Level 1:colcon.colcon_core.package_discovery:discover_packages(ignore) using defaults
[3.490s] Level 1:colcon.colcon_core.package_discovery:discover_packages(path) discover
[3.490s] Level 1:colcon.colcon_core.package_discovery:discover_packages(path) using defaults
[3.773s] Level 1:colcon.colcon_core.package_discovery:discover_packages(prefix_path) check parameters
[3.774s] Level 1:colcon.colcon_core.package_discovery:discover_packages(prefix_path) discover
[3.879s] DEBUG:colcon.colcon_installed_package_information.package_discovery:Found 3 installed packages in /home/shio2233/ros2_ws/install
[3.951s] DEBUG:colcon.colcon_installed_package_information.package_discovery:Found 256 installed packages in /opt/ros/foxy
[3.953s] Level 1:colcon.colcon_core.package_discovery:discover_packages(prefix_path) using defaults
[4.164s] INFO:colcon.colcon_core.executor:Executing jobs using 'parallel' executor
[4.222s] DEBUG:colcon.colcon_parallel_executor.executor.parallel:run_until_complete
[4.222s] DEBUG:colcon.colcon_parallel_executor.executor.parallel:closing loop
[4.223s] DEBUG:colcon.colcon_parallel_executor.executor.parallel:loop closed
[4.223s] DEBUG:colcon.colcon_parallel_executor.executor.parallel:run_until_complete finished with '0'
[4.223s] DEBUG:colcon.colcon_core.event_reactor:joining thread
[4.385s] INFO:colcon.colcon_core.plugin_system:Skipping extension 'colcon_notification.desktop_notification.notify_send': Could not find 'notify-send'
[4.386s] INFO:colcon.colcon_core.plugin_system:Skipping extension 'colcon_notification.desktop_notification.terminal_notifier': Not used on non-Darwin systems
[4.386s] INFO:colcon.colcon_core.plugin_system:Skipping extension 'colcon_notification.desktop_notification.win32': Not used on non-Windows systems
[4.386s] INFO:colcon.colcon_notification.desktop_notification:Sending desktop notification using 'notify2'
[4.393s] DEBUG:colcon.colcon_notification.desktop_notification.notify2:Failed to initialize notify2: org.freedesktop.DBus.Error.ServiceUnknown: The name org.freedesktop.Notifications was not provided by any .service files
[4.393s] DEBUG:colcon.colcon_core.event_reactor:joined thread
[4.447s] INFO:colcon.colcon_core.plugin_system:Skipping extension 'colcon_core.shell.bat': Not used on non-Windows systems
[4.448s] INFO:colcon.colcon_core.shell:Creating prefix script '/home/shio2233/ros2_ws/src/mypkg/mypkg/install/local_setup.ps1'
[4.449s] INFO:colcon.colcon_core.shell:Creating prefix util module '/home/shio2233/ros2_ws/src/mypkg/mypkg/install/_local_setup_util_ps1.py'
[4.451s] INFO:colcon.colcon_core.shell:Creating prefix chain script '/home/shio2233/ros2_ws/src/mypkg/mypkg/install/setup.ps1'
[4.507s] INFO:colcon.colcon_core.shell:Creating prefix script '/home/shio2233/ros2_ws/src/mypkg/mypkg/install/local_setup.sh'
[4.508s] INFO:colcon.colcon_core.shell:Creating prefix util module '/home/shio2233/ros2_ws/src/mypkg/mypkg/install/_local_setup_util_sh.py'
[4.508s] INFO:colcon.colcon_core.shell:Creating prefix chain script '/home/shio2233/ros2_ws/src/mypkg/mypkg/install/setup.sh'
[4.561s] INFO:colcon.colcon_core.shell:Creating prefix script '/home/shio2233/ros2_ws/src/mypkg/mypkg/install/local_setup.bash'
[4.562s] INFO:colcon.colcon_core.shell:Creating prefix chain script '/home/shio2233/ros2_ws/src/mypkg/mypkg/install/setup.bash'
[4.617s] INFO:colcon.colcon_core.shell:Creating prefix script '/home/shio2233/ros2_ws/src/mypkg/mypkg/install/local_setup.zsh'
[4.618s] INFO:colcon.colcon_core.shell:Creating prefix chain script '/home/shio2233/ros2_ws/src/mypkg/mypkg/install/setup.zsh'
