[1.099s] Invoking command in '/home/shio2233/ros2_ws/src/mypkg': PYTHONPATH=/home/shio2233/ros2_ws/src/mypkg/build/mypkg/prefix_override:/home/shio2233/ros2_ws/src/mypkg/install/mypkg/lib/python3.8/site-packages:${PYTHONPATH} /usr/bin/python3 setup.py egg_info --egg-base build/mypkg build --build-base /home/shio2233/ros2_ws/src/mypkg/build/mypkg/build install --record /home/shio2233/ros2_ws/src/mypkg/build/mypkg/install.log --install-scripts $base/lib/mypkg --single-version-externally-managed
[1.397s] running egg_info
[1.398s] writing build/mypkg/mypkg.egg-info/PKG-INFO
[1.398s] writing dependency_links to build/mypkg/mypkg.egg-info/dependency_links.txt
[1.399s] writing entry points to build/mypkg/mypkg.egg-info/entry_points.txt
[1.399s] writing requirements to build/mypkg/mypkg.egg-info/requires.txt
[1.399s] writing top-level names to build/mypkg/mypkg.egg-info/top_level.txt
[1.457s] reading manifest file 'build/mypkg/mypkg.egg-info/SOURCES.txt'
[1.458s] writing manifest file 'build/mypkg/mypkg.egg-info/SOURCES.txt'
[1.458s] running build
[1.458s] running build_py
[1.459s] running install
[1.460s] running install_lib
[1.462s] running install_data
[1.463s] copying package.xml -> /home/shio2233/ros2_ws/src/mypkg/install/mypkg/share/mypkg
[1.463s] running install_egg_info
[1.465s] removing '/home/shio2233/ros2_ws/src/mypkg/install/mypkg/lib/python3.8/site-packages/mypkg-0.0.0-py3.8.egg-info' (and everything under it)
[1.466s] Copying build/mypkg/mypkg.egg-info to /home/shio2233/ros2_ws/src/mypkg/install/mypkg/lib/python3.8/site-packages/mypkg-0.0.0-py3.8.egg-info
[1.468s] running install_scripts
[1.494s] Installing listener script to /home/shio2233/ros2_ws/src/mypkg/install/mypkg/lib/mypkg
[1.494s] Installing talker script to /home/shio2233/ros2_ws/src/mypkg/install/mypkg/lib/mypkg
[1.495s] writing list of installed files to '/home/shio2233/ros2_ws/src/mypkg/build/mypkg/install.log'
[1.523s] Invoked command in '/home/shio2233/ros2_ws/src/mypkg' returned '0': PYTHONPATH=/home/shio2233/ros2_ws/src/mypkg/build/mypkg/prefix_override:/home/shio2233/ros2_ws/src/mypkg/install/mypkg/lib/python3.8/site-packages:${PYTHONPATH} /usr/bin/python3 setup.py egg_info --egg-base build/mypkg build --build-base /home/shio2233/ros2_ws/src/mypkg/build/mypkg/build install --record /home/shio2233/ros2_ws/src/mypkg/build/mypkg/install.log --install-scripts $base/lib/mypkg --single-version-externally-managed
