[4.109s] DEBUG:colcon:Command line arguments: ['/usr/bin/colcon', 'build']
[4.109s] DEBUG:colcon:Parsed command line arguments: Namespace(allow_overriding=[], ament_cmake_args=None, base_paths=['.'], build_base='build', catkin_cmake_args=None, catkin_skip_building_tests=False, cmake_args=None, cmake_clean_cache=False, cmake_clean_first=False, cmake_force_configure=False, cmake_target=None, cmake_target_skip_unavailable=False, continue_on_error=False, event_handlers=None, executor='parallel', ignore_user_meta=False, install_base='install', log_base=None, log_level=None, main=<bound method BuildVerb.main of <colcon_core.verb.build.BuildVerb object at 0x7f668ecfcc70>>, merge_install=False, metas=['./colcon.meta'], packages_above=None, packages_above_and_dependencies=None, packages_above_depth=None, packages_end=None, packages_ignore=None, packages_ignore_regex=None, packages_select=None, packages_select_build_failed=False, packages_select_by_dep=None, packages_select_regex=None, packages_select_test_failures=False, packages_skip=None, packages_skip_build_finished=False, packages_skip_by_dep=None, packages_skip_regex=None, packages_skip_test_passed=False, packages_skip_up_to=None, packages_start=None, packages_up_to=None, packages_up_to_regex=None, parallel_workers=16, paths=None, symlink_install=False, test_result_base=None, verb_extension=<colcon_core.verb.build.BuildVerb object at 0x7f668ecfcc70>, verb_name='build', verb_parser=<colcon_defaults.argument_parser.defaults.DefaultArgumentsDecorator object at 0x7f668e92da90>)
[4.304s] Level 1:colcon.colcon_core.package_discovery:discover_packages(colcon_meta) check parameters
[4.304s] Level 1:colcon.colcon_core.package_discovery:discover_packages(recursive) check parameters
[4.304s] Level 1:colcon.colcon_core.package_discovery:discover_packages(ignore) check parameters
[4.304s] Level 1:colcon.colcon_core.package_discovery:discover_packages(path) check parameters
[4.304s] Level 1:colcon.colcon_core.package_discovery:discover_packages(colcon_meta) discover
[4.304s] Level 1:colcon.colcon_core.package_discovery:discover_packages(recursive) discover
[4.304s] INFO:colcon.colcon_core.package_discovery:Crawling recursively for packages in '/home/shio2233/ros2_ws/src/mypkg/mypkg'
[4.304s] Level 1:colcon.colcon_core.package_identification:_identify(.) by extensions ['ignore', 'ignore_ament_install']
[4.305s] Level 1:colcon.colcon_core.package_identification:_identify(.) by extension 'ignore'
[4.305s] Level 1:colcon.colcon_core.package_identification:_identify(.) by extension 'ignore_ament_install'
[4.305s] Level 1:colcon.colcon_core.package_identification:_identify(.) by extensions ['colcon_pkg']
[4.305s] Level 1:colcon.colcon_core.package_identification:_identify(.) by extension 'colcon_pkg'
[4.305s] Level 1:colcon.colcon_core.package_identification:_identify(.) by extensions ['colcon_meta']
[4.305s] Level 1:colcon.colcon_core.package_identification:_identify(.) by extension 'colcon_meta'
[4.305s] Level 1:colcon.colcon_core.package_identification:_identify(.) by extensions ['ros']
[4.305s] Level 1:colcon.colcon_core.package_identification:_identify(.) by extension 'ros'
[4.333s] Level 1:colcon.colcon_core.package_identification:_identify(.) by extensions ['cmake', 'python']
[4.333s] Level 1:colcon.colcon_core.package_identification:_identify(.) by extension 'cmake'
[4.333s] Level 1:colcon.colcon_core.package_identification:_identify(.) by extension 'python'
[4.333s] Level 1:colcon.colcon_core.package_identification:_identify(.) by extensions ['python_setup_py']
[4.334s] Level 1:colcon.colcon_core.package_identification:_identify(.) by extension 'python_setup_py'
[4.334s] Level 1:colcon.colcon_core.package_identification:_identify(build) by extensions ['ignore', 'ignore_ament_install']
[4.334s] Level 1:colcon.colcon_core.package_identification:_identify(build) by extension 'ignore'
[4.334s] Level 1:colcon.colcon_core.package_identification:_identify(build) ignored
[4.334s] Level 1:colcon.colcon_core.package_identification:_identify(install) by extensions ['ignore', 'ignore_ament_install']
[4.334s] Level 1:colcon.colcon_core.package_identification:_identify(install) by extension 'ignore'
[4.334s] Level 1:colcon.colcon_core.package_identification:_identify(install) ignored
[4.335s] Level 1:colcon.colcon_core.package_identification:_identify(log) by extensions ['ignore', 'ignore_ament_install']
[4.335s] Level 1:colcon.colcon_core.package_identification:_identify(log) by extension 'ignore'
[4.335s] Level 1:colcon.colcon_core.package_identification:_identify(log) ignored
[4.335s] Level 1:colcon.colcon_core.package_discovery:discover_packages(recursive) using defaults
[4.335s] Level 1:colcon.colcon_core.package_discovery:discover_packages(ignore) discover
[4.335s] Level 1:colcon.colcon_core.package_discovery:discover_packages(ignore) using defaults
[4.335s] Level 1:colcon.colcon_core.package_discovery:discover_packages(path) discover
[4.335s] Level 1:colcon.colcon_core.package_discovery:discover_packages(path) using defaults
[4.662s] Level 1:colcon.colcon_core.package_discovery:discover_packages(prefix_path) check parameters
[4.662s] Level 1:colcon.colcon_core.package_discovery:discover_packages(prefix_path) discover
[4.774s] DEBUG:colcon.colcon_installed_package_information.package_discovery:Found 3 installed packages in /home/shio2233/ros2_ws/install
[4.839s] DEBUG:colcon.colcon_installed_package_information.package_discovery:Found 256 installed packages in /opt/ros/foxy
[4.841s] Level 1:colcon.colcon_core.package_discovery:discover_packages(prefix_path) using defaults
[5.113s] INFO:colcon.colcon_core.executor:Executing jobs using 'parallel' executor
[5.165s] DEBUG:colcon.colcon_parallel_executor.executor.parallel:run_until_complete
[5.166s] DEBUG:colcon.colcon_parallel_executor.executor.parallel:closing loop
[5.166s] DEBUG:colcon.colcon_parallel_executor.executor.parallel:loop closed
[5.166s] DEBUG:colcon.colcon_parallel_executor.executor.parallel:run_until_complete finished with '0'
[5.166s] DEBUG:colcon.colcon_core.event_reactor:joining thread
[5.375s] INFO:colcon.colcon_core.plugin_system:Skipping extension 'colcon_notification.desktop_notification.notify_send': Could not find 'notify-send'
[5.375s] INFO:colcon.colcon_core.plugin_system:Skipping extension 'colcon_notification.desktop_notification.terminal_notifier': Not used on non-Darwin systems
[5.375s] INFO:colcon.colcon_core.plugin_system:Skipping extension 'colcon_notification.desktop_notification.win32': Not used on non-Windows systems
[5.376s] INFO:colcon.colcon_notification.desktop_notification:Sending desktop notification using 'notify2'
[11.386s] DEBUG:colcon.colcon_notification.desktop_notification.notify2:Failed to initialize notify2: org.freedesktop.DBus.Error.ServiceUnknown: The name org.freedesktop.Notifications was not provided by any .service files
[11.387s] DEBUG:colcon.colcon_core.event_reactor:joined thread
[11.461s] INFO:colcon.colcon_core.plugin_system:Skipping extension 'colcon_core.shell.bat': Not used on non-Windows systems
[11.462s] INFO:colcon.colcon_core.shell:Creating prefix script '/home/shio2233/ros2_ws/src/mypkg/mypkg/install/local_setup.ps1'
[11.465s] INFO:colcon.colcon_core.shell:Creating prefix util module '/home/shio2233/ros2_ws/src/mypkg/mypkg/install/_local_setup_util_ps1.py'
[11.467s] INFO:colcon.colcon_core.shell:Creating prefix chain script '/home/shio2233/ros2_ws/src/mypkg/mypkg/install/setup.ps1'
[11.526s] INFO:colcon.colcon_core.shell:Creating prefix script '/home/shio2233/ros2_ws/src/mypkg/mypkg/install/local_setup.sh'
[11.528s] INFO:colcon.colcon_core.shell:Creating prefix util module '/home/shio2233/ros2_ws/src/mypkg/mypkg/install/_local_setup_util_sh.py'
[11.528s] INFO:colcon.colcon_core.shell:Creating prefix chain script '/home/shio2233/ros2_ws/src/mypkg/mypkg/install/setup.sh'
[11.591s] INFO:colcon.colcon_core.shell:Creating prefix script '/home/shio2233/ros2_ws/src/mypkg/mypkg/install/local_setup.bash'
[11.593s] INFO:colcon.colcon_core.shell:Creating prefix chain script '/home/shio2233/ros2_ws/src/mypkg/mypkg/install/setup.bash'
[11.655s] INFO:colcon.colcon_core.shell:Creating prefix script '/home/shio2233/ros2_ws/src/mypkg/mypkg/install/local_setup.zsh'
[11.657s] INFO:colcon.colcon_core.shell:Creating prefix chain script '/home/shio2233/ros2_ws/src/mypkg/mypkg/install/setup.zsh'
