[1.108s] Invoking command in '/home/shio2233/ros2_ws/src/mypkg': PYTHONPATH=/home/shio2233/ros2_ws/src/mypkg/build/mypkg/prefix_override:/home/shio2233/ros2_ws/src/mypkg/install/mypkg/lib/python3.8/site-packages:${PYTHONPATH} /usr/bin/python3 setup.py egg_info --egg-base build/mypkg build --build-base /home/shio2233/ros2_ws/src/mypkg/build/mypkg/build install --record /home/shio2233/ros2_ws/src/mypkg/build/mypkg/install.log --install-scripts $base/lib/mypkg --single-version-externally-managed
[1.401s] running egg_info
[1.402s] writing build/mypkg/mypkg.egg-info/PKG-INFO
[1.403s] writing dependency_links to build/mypkg/mypkg.egg-info/dependency_links.txt
[1.403s] writing entry points to build/mypkg/mypkg.egg-info/entry_points.txt
[1.404s] writing requirements to build/mypkg/mypkg.egg-info/requires.txt
[1.404s] writing top-level names to build/mypkg/mypkg.egg-info/top_level.txt
[1.458s] reading manifest file 'build/mypkg/mypkg.egg-info/SOURCES.txt'
[1.461s] writing manifest file 'build/mypkg/mypkg.egg-info/SOURCES.txt'
[1.461s] running build
[1.462s] running build_py
[1.462s] running install
[1.463s] running install_lib
[1.465s] running install_data
[1.466s] copying package.xml -> /home/shio2233/ros2_ws/src/mypkg/install/mypkg/share/mypkg
[1.466s] running install_egg_info
[1.469s] removing '/home/shio2233/ros2_ws/src/mypkg/install/mypkg/lib/python3.8/site-packages/mypkg-0.0.0-py3.8.egg-info' (and everything under it)
[1.469s] Copying build/mypkg/mypkg.egg-info to /home/shio2233/ros2_ws/src/mypkg/install/mypkg/lib/python3.8/site-packages/mypkg-0.0.0-py3.8.egg-info
[1.471s] running install_scripts
[1.497s] Installing listener script to /home/shio2233/ros2_ws/src/mypkg/install/mypkg/lib/mypkg
[1.497s] Installing talker script to /home/shio2233/ros2_ws/src/mypkg/install/mypkg/lib/mypkg
[1.498s] writing list of installed files to '/home/shio2233/ros2_ws/src/mypkg/build/mypkg/install.log'
[1.524s] Invoked command in '/home/shio2233/ros2_ws/src/mypkg' returned '0': PYTHONPATH=/home/shio2233/ros2_ws/src/mypkg/build/mypkg/prefix_override:/home/shio2233/ros2_ws/src/mypkg/install/mypkg/lib/python3.8/site-packages:${PYTHONPATH} /usr/bin/python3 setup.py egg_info --egg-base build/mypkg build --build-base /home/shio2233/ros2_ws/src/mypkg/build/mypkg/build install --record /home/shio2233/ros2_ws/src/mypkg/build/mypkg/install.log --install-scripts $base/lib/mypkg --single-version-externally-managed
