[3.411s] DEBUG:colcon:Command line arguments: ['/usr/bin/colcon', 'build']
[3.411s] DEBUG:colcon:Parsed command line arguments: Namespace(allow_overriding=[], ament_cmake_args=None, base_paths=['.'], build_base='build', catkin_cmake_args=None, catkin_skip_building_tests=False, cmake_args=None, cmake_clean_cache=False, cmake_clean_first=False, cmake_force_configure=False, cmake_target=None, cmake_target_skip_unavailable=False, continue_on_error=False, event_handlers=None, executor='parallel', ignore_user_meta=False, install_base='install', log_base=None, log_level=None, main=<bound method BuildVerb.main of <colcon_core.verb.build.BuildVerb object at 0x7fdf5cdb9c10>>, merge_install=False, metas=['./colcon.meta'], packages_above=None, packages_above_and_dependencies=None, packages_above_depth=None, packages_end=None, packages_ignore=None, packages_ignore_regex=None, packages_select=None, packages_select_build_failed=False, packages_select_by_dep=None, packages_select_regex=None, packages_select_test_failures=False, packages_skip=None, packages_skip_build_finished=False, packages_skip_by_dep=None, packages_skip_regex=None, packages_skip_test_passed=False, packages_skip_up_to=None, packages_start=None, packages_up_to=None, packages_up_to_regex=None, parallel_workers=16, paths=None, symlink_install=False, test_result_base=None, verb_extension=<colcon_core.verb.build.BuildVerb object at 0x7fdf5cdb9c10>, verb_name='build', verb_parser=<colcon_defaults.argument_parser.defaults.DefaultArgumentsDecorator object at 0x7fdf5c989820>)
[3.549s] Level 1:colcon.colcon_core.package_discovery:discover_packages(colcon_meta) check parameters
[3.550s] Level 1:colcon.colcon_core.package_discovery:discover_packages(recursive) check parameters
[3.550s] Level 1:colcon.colcon_core.package_discovery:discover_packages(ignore) check parameters
[3.550s] Level 1:colcon.colcon_core.package_discovery:discover_packages(path) check parameters
[3.550s] Level 1:colcon.colcon_core.package_discovery:discover_packages(colcon_meta) discover
[3.550s] Level 1:colcon.colcon_core.package_discovery:discover_packages(recursive) discover
[3.550s] INFO:colcon.colcon_core.package_discovery:Crawling recursively for packages in '/home/shio2233/ros2_ws/src/mypkg'
[3.550s] Level 1:colcon.colcon_core.package_identification:_identify(.) by extensions ['ignore', 'ignore_ament_install']
[3.550s] Level 1:colcon.colcon_core.package_identification:_identify(.) by extension 'ignore'
[3.550s] Level 1:colcon.colcon_core.package_identification:_identify(.) by extension 'ignore_ament_install'
[3.551s] Level 1:colcon.colcon_core.package_identification:_identify(.) by extensions ['colcon_pkg']
[3.551s] Level 1:colcon.colcon_core.package_identification:_identify(.) by extension 'colcon_pkg'
[3.551s] Level 1:colcon.colcon_core.package_identification:_identify(.) by extensions ['colcon_meta']
[3.551s] Level 1:colcon.colcon_core.package_identification:_identify(.) by extension 'colcon_meta'
[3.551s] Level 1:colcon.colcon_core.package_identification:_identify(.) by extensions ['ros']
[3.551s] Level 1:colcon.colcon_core.package_identification:_identify(.) by extension 'ros'
[3.570s] DEBUG:colcon.colcon_core.package_identification:Failed to parse potential ROS package manifest in'.': Error(s) in package './package.xml':
The manifest contains invalid XML:
mismatched tag: line 9, column 22
[3.570s] Level 1:colcon.colcon_core.package_identification:_identify(.) by extensions ['cmake', 'python']
[3.570s] Level 1:colcon.colcon_core.package_identification:_identify(.) by extension 'cmake'
[3.570s] Level 1:colcon.colcon_core.package_identification:_identify(.) by extension 'python'
[3.570s] DEBUG:colcon.colcon_core.package_identification:Python package in '.' passes arguments to the setup() function which requires a different identification extension than 'python'
[3.570s] Level 1:colcon.colcon_core.package_identification:_identify(.) by extensions ['python_setup_py']
[3.570s] Level 1:colcon.colcon_core.package_identification:_identify(.) by extension 'python_setup_py'
[3.875s] DEBUG:colcon.colcon_core.package_identification:Package '.' with type 'python' and name 'mypkg'
[3.875s] Level 1:colcon.colcon_core.package_discovery:discover_packages(recursive) using defaults
[3.875s] Level 1:colcon.colcon_core.package_discovery:discover_packages(ignore) discover
[3.875s] Level 1:colcon.colcon_core.package_discovery:discover_packages(ignore) using defaults
[3.875s] Level 1:colcon.colcon_core.package_discovery:discover_packages(path) discover
[3.876s] Level 1:colcon.colcon_core.package_discovery:discover_packages(path) using defaults
[4.163s] Level 1:colcon.colcon_core.package_discovery:discover_packages(prefix_path) check parameters
[4.163s] Level 1:colcon.colcon_core.package_discovery:discover_packages(prefix_path) discover
[4.266s] DEBUG:colcon.colcon_installed_package_information.package_discovery:Found 1 installed packages in /home/shio2233/ros2_ws/install
[4.334s] DEBUG:colcon.colcon_installed_package_information.package_discovery:Found 256 installed packages in /opt/ros/foxy
[4.336s] Level 1:colcon.colcon_core.package_discovery:discover_packages(prefix_path) using defaults
[4.557s] Level 5:colcon.colcon_core.verb:set package 'mypkg' build argument 'cmake_args' from command line to 'None'
[4.557s] Level 5:colcon.colcon_core.verb:set package 'mypkg' build argument 'cmake_target' from command line to 'None'
[4.557s] Level 5:colcon.colcon_core.verb:set package 'mypkg' build argument 'cmake_target_skip_unavailable' from command line to 'False'
[4.557s] Level 5:colcon.colcon_core.verb:set package 'mypkg' build argument 'cmake_clean_cache' from command line to 'False'
[4.557s] Level 5:colcon.colcon_core.verb:set package 'mypkg' build argument 'cmake_clean_first' from command line to 'False'
[4.557s] Level 5:colcon.colcon_core.verb:set package 'mypkg' build argument 'cmake_force_configure' from command line to 'False'
[4.557s] Level 5:colcon.colcon_core.verb:set package 'mypkg' build argument 'ament_cmake_args' from command line to 'None'
[4.557s] Level 5:colcon.colcon_core.verb:set package 'mypkg' build argument 'catkin_cmake_args' from command line to 'None'
[4.557s] Level 5:colcon.colcon_core.verb:set package 'mypkg' build argument 'catkin_skip_building_tests' from command line to 'False'
[4.557s] DEBUG:colcon.colcon_core.verb:Building package 'mypkg' with the following arguments: {'ament_cmake_args': None, 'build_base': '/home/shio2233/ros2_ws/src/mypkg/build/mypkg', 'catkin_cmake_args': None, 'catkin_skip_building_tests': False, 'cmake_args': None, 'cmake_clean_cache': False, 'cmake_clean_first': False, 'cmake_force_configure': False, 'cmake_target': None, 'cmake_target_skip_unavailable': False, 'install_base': '/home/shio2233/ros2_ws/src/mypkg/install/mypkg', 'merge_install': False, 'path': '/home/shio2233/ros2_ws/src/mypkg', 'symlink_install': False, 'test_result_base': None}
[4.609s] INFO:colcon.colcon_core.executor:Executing jobs using 'parallel' executor
[4.661s] DEBUG:colcon.colcon_parallel_executor.executor.parallel:run_until_complete
[4.662s] INFO:colcon.colcon_core.task.python.build:Building Python package in '/home/shio2233/ros2_ws/src/mypkg'
[4.720s] INFO:colcon.colcon_core.plugin_system:Skipping extension 'colcon_core.shell.bat': Not used on non-Windows systems
[4.721s] INFO:colcon.colcon_core.shell:Skip shell extension 'powershell' for command environment: Not usable outside of PowerShell
[4.721s] DEBUG:colcon.colcon_core.shell:Skip shell extension 'dsv' for command environment
[5.772s] DEBUG:colcon.colcon_core.event_handler.log_command:Invoking command in '/home/shio2233/ros2_ws/src/mypkg': PYTHONPATH=/home/shio2233/ros2_ws/src/mypkg/build/mypkg/prefix_override:/home/shio2233/ros2_ws/src/mypkg/install/mypkg/lib/python3.8/site-packages:${PYTHONPATH} /usr/bin/python3 setup.py egg_info --egg-base build/mypkg build --build-base /home/shio2233/ros2_ws/src/mypkg/build/mypkg/build install --record /home/shio2233/ros2_ws/src/mypkg/build/mypkg/install.log --install-scripts $base/lib/mypkg --single-version-externally-managed
[6.186s] DEBUG:colcon.colcon_core.event_handler.log_command:Invoked command in '/home/shio2233/ros2_ws/src/mypkg' returned '0': PYTHONPATH=/home/shio2233/ros2_ws/src/mypkg/build/mypkg/prefix_override:/home/shio2233/ros2_ws/src/mypkg/install/mypkg/lib/python3.8/site-packages:${PYTHONPATH} /usr/bin/python3 setup.py egg_info --egg-base build/mypkg build --build-base /home/shio2233/ros2_ws/src/mypkg/build/mypkg/build install --record /home/shio2233/ros2_ws/src/mypkg/build/mypkg/install.log --install-scripts $base/lib/mypkg --single-version-externally-managed
[6.242s] Level 1:colcon.colcon_core.environment:checking '/home/shio2233/ros2_ws/src/mypkg/install/mypkg' for CMake module files
[6.242s] Level 1:colcon.colcon_core.environment:checking '/home/shio2233/ros2_ws/src/mypkg/install/mypkg' for CMake config files
[6.243s] Level 1:colcon.colcon_core.environment:checking '/home/shio2233/ros2_ws/src/mypkg/install/mypkg/lib'
[6.244s] Level 1:colcon.colcon_core.environment:checking '/home/shio2233/ros2_ws/src/mypkg/install/mypkg/bin'
[6.244s] Level 1:colcon.colcon_core.environment:checking '/home/shio2233/ros2_ws/src/mypkg/install/mypkg/lib/pkgconfig/mypkg.pc'
[6.244s] Level 1:colcon.colcon_core.environment:checking '/home/shio2233/ros2_ws/src/mypkg/install/mypkg/lib/python3.8/site-packages'
[6.244s] Level 1:colcon.colcon_core.shell:create_environment_hook('mypkg', 'pythonpath')
[6.306s] INFO:colcon.colcon_core.shell:Creating environment hook '/home/shio2233/ros2_ws/src/mypkg/install/mypkg/share/mypkg/hook/pythonpath.ps1'
[6.307s] INFO:colcon.colcon_core.shell:Creating environment descriptor '/home/shio2233/ros2_ws/src/mypkg/install/mypkg/share/mypkg/hook/pythonpath.dsv'
[6.308s] INFO:colcon.colcon_core.shell:Creating environment hook '/home/shio2233/ros2_ws/src/mypkg/install/mypkg/share/mypkg/hook/pythonpath.sh'
[6.309s] Level 1:colcon.colcon_core.environment:checking '/home/shio2233/ros2_ws/src/mypkg/install/mypkg/bin'
[6.310s] Level 1:colcon.colcon_core.environment:create_environment_scripts_only(mypkg)
[6.367s] INFO:colcon.colcon_core.shell:Creating package script '/home/shio2233/ros2_ws/src/mypkg/install/mypkg/share/mypkg/package.ps1'
[6.368s] INFO:colcon.colcon_core.shell:Creating package descriptor '/home/shio2233/ros2_ws/src/mypkg/install/mypkg/share/mypkg/package.dsv'
[6.369s] INFO:colcon.colcon_core.shell:Creating package script '/home/shio2233/ros2_ws/src/mypkg/install/mypkg/share/mypkg/package.sh'
[6.370s] INFO:colcon.colcon_core.shell:Creating package script '/home/shio2233/ros2_ws/src/mypkg/install/mypkg/share/mypkg/package.bash'
[6.371s] INFO:colcon.colcon_core.shell:Creating package script '/home/shio2233/ros2_ws/src/mypkg/install/mypkg/share/mypkg/package.zsh'
[6.373s] Level 1:colcon.colcon_core.environment:create_file_with_runtime_dependencies(/home/shio2233/ros2_ws/src/mypkg/install/mypkg/share/colcon-core/packages/mypkg)
[6.373s] DEBUG:colcon.colcon_parallel_executor.executor.parallel:closing loop
[6.375s] DEBUG:colcon.colcon_parallel_executor.executor.parallel:loop closed
[6.375s] DEBUG:colcon.colcon_parallel_executor.executor.parallel:run_until_complete finished with '0'
[6.375s] DEBUG:colcon.colcon_core.event_reactor:joining thread
[6.549s] INFO:colcon.colcon_core.plugin_system:Skipping extension 'colcon_notification.desktop_notification.notify_send': Could not find 'notify-send'
[6.549s] INFO:colcon.colcon_core.plugin_system:Skipping extension 'colcon_notification.desktop_notification.terminal_notifier': Not used on non-Darwin systems
[6.550s] INFO:colcon.colcon_core.plugin_system:Skipping extension 'colcon_notification.desktop_notification.win32': Not used on non-Windows systems
[6.550s] INFO:colcon.colcon_notification.desktop_notification:Sending desktop notification using 'notify2'
[6.557s] DEBUG:colcon.colcon_notification.desktop_notification.notify2:Failed to initialize notify2: org.freedesktop.DBus.Error.ServiceUnknown: The name org.freedesktop.Notifications was not provided by any .service files
[6.557s] DEBUG:colcon.colcon_core.event_reactor:joined thread
[6.612s] INFO:colcon.colcon_core.shell:Creating prefix script '/home/shio2233/ros2_ws/src/mypkg/install/local_setup.ps1'
[6.613s] INFO:colcon.colcon_core.shell:Creating prefix util module '/home/shio2233/ros2_ws/src/mypkg/install/_local_setup_util_ps1.py'
[6.615s] INFO:colcon.colcon_core.shell:Creating prefix chain script '/home/shio2233/ros2_ws/src/mypkg/install/setup.ps1'
[6.669s] INFO:colcon.colcon_core.shell:Creating prefix script '/home/shio2233/ros2_ws/src/mypkg/install/local_setup.sh'
[6.670s] INFO:colcon.colcon_core.shell:Creating prefix util module '/home/shio2233/ros2_ws/src/mypkg/install/_local_setup_util_sh.py'
[6.671s] INFO:colcon.colcon_core.shell:Creating prefix chain script '/home/shio2233/ros2_ws/src/mypkg/install/setup.sh'
[6.725s] INFO:colcon.colcon_core.shell:Creating prefix script '/home/shio2233/ros2_ws/src/mypkg/install/local_setup.bash'
[6.726s] INFO:colcon.colcon_core.shell:Creating prefix chain script '/home/shio2233/ros2_ws/src/mypkg/install/setup.bash'
[6.781s] INFO:colcon.colcon_core.shell:Creating prefix script '/home/shio2233/ros2_ws/src/mypkg/install/local_setup.zsh'
[6.782s] INFO:colcon.colcon_core.shell:Creating prefix chain script '/home/shio2233/ros2_ws/src/mypkg/install/setup.zsh'
